#
# There is insufficient memory for the Java Runtime Environment to continue.
# Native memory allocation (mmap) failed to map 266338304 bytes. Error detail: G1 virtual space
# Possible reasons:
#   The system is out of physical RAM or swap space
#   This process is running with CompressedOops enabled, and the Java Heap may be blocking the growth of the native heap
# Possible solutions:
#   Reduce memory load on the system
#   Increase physical memory or swap space
#   Check if swap backing store is full
#   Decrease Java heap size (-Xmx/-Xms)
#   Decrease number of Java threads
#   Decrease Java thread stack sizes (-Xss)
#   Set larger code cache with -XX:ReservedCodeCacheSize=
#   JVM is running with Zero Based Compressed Oops mode in which the Java heap is
#     placed in the first 32GB address space. The Java Heap base address is the
#     maximum limit for the native heap growth. Please use -XX:HeapBaseMinAddress
#     to set the Java Heap base and to place the Java Heap above 32GB virtual address.
# This output file may be truncated or incomplete.
#
#  Out of Memory Error (os_windows.cpp:3815), pid=17656, tid=14180
#
# JRE version:  (21.0.3+13) (build )
# Java VM: OpenJDK 64-Bit Server VM (21.0.3+13-b509.4, mixed mode, sharing, tiered, compressed oops, compressed class ptrs, g1 gc, windows-amd64)
# No core dump will be written. Minidumps are not enabled by default on client versions of Windows
#

---------------  S U M M A R Y ------------

Command Line: git4idea.http.GitAskPassApp Username for 'https://gitee.com': 

Host: 11th Gen Intel(R) Core(TM) i5-1155G7 @ 2.50GHz, 8 cores, 15G,  Windows 10 , 64 bit Build 19041 (10.0.19041.4597)
Time: Mon Aug 12 15:47:35 2024  Windows 10 , 64 bit Build 19041 (10.0.19041.4597) elapsed time: 0.012603 seconds (0d 0h 0m 0s)

---------------  T H R E A D  ---------------

Current thread (0x0000026e1619fc10):  JavaThread "Unknown thread" [_thread_in_vm, id=14180, stack(0x000000a381e00000,0x000000a381f00000) (1024K)]

Stack: [0x000000a381e00000,0x000000a381f00000]
Native frames: (J=compiled Java code, j=interpreted, Vv=VM code, C=native code)
V  [jvm.dll+0x6e02e9]
V  [jvm.dll+0x8bd373]
V  [jvm.dll+0x8bf8ce]
V  [jvm.dll+0x8bffb3]
V  [jvm.dll+0x2879b6]
V  [jvm.dll+0x6dcab5]
V  [jvm.dll+0x6d0f8a]
V  [jvm.dll+0x35f9ab]
V  [jvm.dll+0x367556]
V  [jvm.dll+0x3b8b46]
V  [jvm.dll+0x3b8e18]
V  [jvm.dll+0x33216c]
V  [jvm.dll+0x332e5b]
V  [jvm.dll+0x8845d9]
V  [jvm.dll+0x3c5f28]
V  [jvm.dll+0x86d7fd]
V  [jvm.dll+0x45ab8e]
V  [jvm.dll+0x45c761]
C  [jli.dll+0x52ab]
C  [ucrtbase.dll+0x21bb2]
C  [KERNEL32.DLL+0x17374]
C  [ntdll.dll+0x4cc91]


---------------  P R O C E S S  ---------------

Threads class SMR info:
_java_thread_list=0x00007ffd1902d108, length=0, elements={
}

Java Threads: ( => current thread )
Total: 0

Other Threads:
  0x0000026e184c3720 WorkerThread "GC Thread#0"                     [id=18844, stack(0x000000a381f00000,0x000000a382000000) (1024K)]
  0x0000026e184d4390 ConcurrentGCThread "G1 Main Marker"            [id=3224, stack(0x000000a382000000,0x000000a382100000) (1024K)]
  0x0000026e184d4e90 WorkerThread "G1 Conc#0"                       [id=17264, stack(0x000000a382100000,0x000000a382200000) (1024K)]

[error occurred during error reporting (printing all threads), id 0xc0000005, EXCEPTION_ACCESS_VIOLATION (0xc0000005) at pc=0x00007ffd187252c7]
VM state: not at safepoint (not fully initialized)

VM Mutex/Monitor currently owned by a thread:  ([mutex/lock_event])
[0x00007ffd190a1858] Heap_lock - owner thread: 0x0000026e1619fc10

Heap address: 0x0000000703600000, size: 4042 MB, Compressed Oops mode: Zero based, Oop shift amount: 3

CDS archive(s) mapped at: [0x0000000000000000-0x0000000000000000-0x0000000000000000), size 0, SharedBaseAddress: 0x0000000800000000, ArchiveRelocationMode: 1.
Narrow klass base: 0x0000000000000000, Narrow klass shift: 0, Narrow klass range: 0x0

GC Precious Log:
 CardTable entry size: 512
 Card Set container configuration: InlinePtr #cards 4 size 8 Array Of Cards #cards 16 size 48 Howl #buckets 8 coarsen threshold 3686 Howl Bitmap #cards 512 size 80 coarsen threshold 460 Card regions per heap region 1 cards per card region 4096

Heap:
 garbage-first heap   total 0K, used 0K [0x0000000703600000, 0x0000000800000000)
  region size 2048K, 0 young (0K), 0 survivors (0K)
 Metaspace       used 0K, committed 0K, reserved 0K
  class space    used 0K, committed 0K, reserved 0K

Heap Regions: E=young(eden), S=young(survivor), O=old, HS=humongous(starts), HC=humongous(continues), CS=collection set, F=free, TAMS=top-at-mark-start, PB=parsable bottom

Card table byte_map: [0x0000026e2bea0000,0x0000026e2c690000] _byte_map_base: 0x0000026e28685000

Marking Bits: (CMBitMap*) 0x0000026e184c3e20
 Bits: [0x0000026e2c690000, 0x0000026e305b8000)

GC Heap History (0 events):
No events

Dll operation events (1 events):
Event: 0.008 Loaded shared library D:\Java\IntelliJ IDEA 2024.2\jbr\bin\java.dll

Deoptimization events (0 events):
No events

Classes loaded (0 events):
No events

Classes unloaded (0 events):
No events

Classes redefined (0 events):
No events

Internal exceptions (0 events):
No events

ZGC Phase Switch (0 events):
No events

VM Operations (0 events):
No events

Events (0 events):
No events


Dynamic libraries:
0x00007ff614230000 - 0x00007ff61423a000 	D:\Java\IntelliJ IDEA 2024.2\jbr\bin\java.exe
0x00007ffd4c270000 - 0x00007ffd4c468000 	C:\WINDOWS\SYSTEM32\ntdll.dll
0x00007ffd4b970000 - 0x00007ffd4ba31000 	C:\WINDOWS\System32\KERNEL32.DLL
0x00007ffd49b20000 - 0x00007ffd49e16000 	C:\WINDOWS\System32\KERNELBASE.dll
0x00007ffd49fb0000 - 0x00007ffd4a0b0000 	C:\WINDOWS\System32\ucrtbase.dll
0x00007ffd42340000 - 0x00007ffd4235b000 	D:\Java\IntelliJ IDEA 2024.2\jbr\bin\VCRUNTIME140.dll
0x00007ffd35ea0000 - 0x00007ffd35eb8000 	D:\Java\IntelliJ IDEA 2024.2\jbr\bin\jli.dll
0x00007ffd4b2d0000 - 0x00007ffd4b46f000 	C:\WINDOWS\System32\USER32.dll
0x00007ffd4a200000 - 0x00007ffd4a222000 	C:\WINDOWS\System32\win32u.dll
0x00007ffd4a6f0000 - 0x00007ffd4a71b000 	C:\WINDOWS\System32\GDI32.dll
0x00007ffd4a0b0000 - 0x00007ffd4a1c7000 	C:\WINDOWS\System32\gdi32full.dll
0x00007ffd36450000 - 0x00007ffd366ea000 	C:\WINDOWS\WinSxS\amd64_microsoft.windows.common-controls_6595b64144ccf1df_6.0.19041.4355_none_60b8b9eb71f62e16\COMCTL32.dll
0x00007ffd49920000 - 0x00007ffd499bd000 	C:\WINDOWS\System32\msvcp_win.dll
0x00007ffd4b470000 - 0x00007ffd4b50e000 	C:\WINDOWS\System32\msvcrt.dll
0x00007ffd4b690000 - 0x00007ffd4b6bf000 	C:\WINDOWS\System32\IMM32.DLL
0x00007ffd42330000 - 0x00007ffd4233c000 	D:\Java\IntelliJ IDEA 2024.2\jbr\bin\vcruntime140_1.dll
0x00007ffd236d0000 - 0x00007ffd2375d000 	D:\Java\IntelliJ IDEA 2024.2\jbr\bin\msvcp140.dll
0x00007ffd183e0000 - 0x00007ffd19192000 	D:\Java\IntelliJ IDEA 2024.2\jbr\bin\server\jvm.dll
0x00007ffd4af40000 - 0x00007ffd4aff0000 	C:\WINDOWS\System32\ADVAPI32.dll
0x00007ffd4b5f0000 - 0x00007ffd4b690000 	C:\WINDOWS\System32\sechost.dll
0x00007ffd4b790000 - 0x00007ffd4b8b3000 	C:\WINDOWS\System32\RPCRT4.dll
0x00007ffd4a1d0000 - 0x00007ffd4a1f7000 	C:\WINDOWS\System32\bcrypt.dll
0x00007ffd4adb0000 - 0x00007ffd4ae1b000 	C:\WINDOWS\System32\WS2_32.dll
0x00007ffd48ea0000 - 0x00007ffd48eeb000 	C:\WINDOWS\SYSTEM32\POWRPROF.dll
0x00007ffd42570000 - 0x00007ffd4257a000 	C:\WINDOWS\SYSTEM32\VERSION.dll
0x00007ffd2de40000 - 0x00007ffd2de67000 	C:\WINDOWS\SYSTEM32\WINMM.dll
0x00007ffd48d10000 - 0x00007ffd48d22000 	C:\WINDOWS\SYSTEM32\UMPDC.dll
0x00007ffd47780000 - 0x00007ffd47792000 	C:\WINDOWS\SYSTEM32\kernel.appcore.dll
0x00007ffd42320000 - 0x00007ffd4232a000 	D:\Java\IntelliJ IDEA 2024.2\jbr\bin\jimage.dll
0x00007ffd46b00000 - 0x00007ffd46ce4000 	C:\WINDOWS\SYSTEM32\DBGHELP.DLL
0x00007ffd2de70000 - 0x00007ffd2dea4000 	C:\WINDOWS\SYSTEM32\dbgcore.DLL
0x00007ffd49f20000 - 0x00007ffd49fa2000 	C:\WINDOWS\System32\bcryptPrimitives.dll
0x00007ffd42300000 - 0x00007ffd4231f000 	D:\Java\IntelliJ IDEA 2024.2\jbr\bin\java.dll

dbghelp: loaded successfully - version: 4.0.5 - missing functions: none
symbol engine: initialized successfully - sym options: 0x614 - pdb path: .;D:\Java\IntelliJ IDEA 2024.2\jbr\bin;C:\WINDOWS\SYSTEM32;C:\WINDOWS\WinSxS\amd64_microsoft.windows.common-controls_6595b64144ccf1df_6.0.19041.4355_none_60b8b9eb71f62e16;D:\Java\IntelliJ IDEA 2024.2\jbr\bin\server

VM Arguments:
java_command: git4idea.http.GitAskPassApp Username for 'https://gitee.com': 
java_class_path (initial): D:/Java/IntelliJ IDEA 2024.2/plugins/vcs-git/lib/git4idea-rt.jar;D:/Java/IntelliJ IDEA 2024.2/lib/externalProcess-rt.jar
Launcher Type: SUN_STANDARD

[Global flags]
     intx CICompilerCount                          = 4                                         {product} {ergonomic}
     uint ConcGCThreads                            = 2                                         {product} {ergonomic}
     uint G1ConcRefinementThreads                  = 8                                         {product} {ergonomic}
   size_t G1HeapRegionSize                         = 2097152                                   {product} {ergonomic}
    uintx GCDrainStackTargetSize                   = 64                                        {product} {ergonomic}
   size_t InitialHeapSize                          = 266338304                                 {product} {ergonomic}
   size_t MarkStackSize                            = 4194304                                   {product} {ergonomic}
   size_t MaxHeapSize                              = 4238344192                                {product} {ergonomic}
   size_t MinHeapDeltaBytes                        = 2097152                                   {product} {ergonomic}
   size_t MinHeapSize                              = 8388608                                   {product} {ergonomic}
    uintx NonNMethodCodeHeapSize                   = 5839372                                {pd product} {ergonomic}
    uintx NonProfiledCodeHeapSize                  = 122909434                              {pd product} {ergonomic}
    uintx ProfiledCodeHeapSize                     = 122909434                              {pd product} {ergonomic}
    uintx ReservedCodeCacheSize                    = 251658240                              {pd product} {ergonomic}
     bool SegmentedCodeCache                       = true                                      {product} {ergonomic}
   size_t SoftMaxHeapSize                          = 4238344192                             {manageable} {ergonomic}
     bool UseCompressedOops                        = true                           {product lp64_product} {ergonomic}
     bool UseG1GC                                  = true                                      {product} {ergonomic}
     bool UseLargePagesIndividualAllocation        = false                                  {pd product} {ergonomic}

Logging:
Log output configuration:
 #0: stdout all=warning uptime,level,tags foldmultilines=false
 #1: stderr all=off uptime,level,tags foldmultilines=false

Environment Variables:
PATH=C:\Program Files\Git\mingw64\libexec\git-core;C:\Program Files\Git\mingw64\libexec\git-core;C:\Program Files\Git\mingw64\bin;C:\Program Files\Git\usr\bin;C:\Users\Lenovo\bin;D:\ÐéÄâ»ú\bin;C:\;windows\system32;%S;stemRoot%\system32;C:\WINDOWS;C:\WINDOWS\System32\Wbem;C:\WINDOWS\System32\WindowsPowerShell\v1.0;C:\WINDOWS\System32\OpenSSH;C:\WINDOWS\system32;D:\Python\Python-3.9.1\Scripts;D:\Python\Python-3.9.1;D:\MYSQL\hj\mysql-5.7.35-winx64\bin;%CATALINA_HOME%\bin;D:\Java\environment\maven\apache-maven-3.8.4\bin;D:\Java\environment\jdk\jdk-1.8\bin;D:\Java and Web\eclipse\hadoop-2.7.6\bin;D:\devTools\nodejs\node_global;C:\Program Files\dotnet;C:\Program Files\Git\cmd;C:\Program Files\TortoiseGit\bin;D:\HTML\nvm;D:\HTML\nodejs;D:\HTML\nodejs;C:\Program Files\Microsoft SQL Server\Client SDK\ODBC\170\Tools\Binn;C:\Program Files (x86)\Microsoft SQL Server\150\Tools\Binn;C:\Program Files\Microsoft SQL Server\150\Tools\Binn;C:\Program Files\Microsoft SQL Server\150\DTS\Binn;C:\Program Files (x86)\Microsoft SQL Server\150\DTS\Binn;C:\Program Files\Azure Data Studio\bin;E:\Xshell7;E:\Xftp7;C:\Program Files\MySQL\MySQL Shell 8.0\bin;D:\Python\Python-3.9.1\Scripts;D:\Python\Python-3.9.1;C:\Users\Lenovo\AppData\Local\Microsoft\WindowsApps;D:\Microsoft VS Code\bin;C:\Program Files (x86)\Tencent\QQGameTempest\Hall.57808;D:\HTML\nvm;D:\HTML\nodejs;D:\Java\IntelliJ IDEA 2024.2\bin;C:\Program Files\Azure Data Studio\bin;D:\Python\PyCharm 2024.1.4\bin
USERNAME=Lenovo
DISPLAY=:0.0
LC_ALL=en_US.UTF-8
TERM=cygwin
TMPDIR=C:\Users\Lenovo\AppData\Local\Temp
OS=Windows_NT
PROCESSOR_IDENTIFIER=Intel64 Family 6 Model 140 Stepping 2, GenuineIntel
TMP=C:\Users\Lenovo\AppData\Local\Temp
TEMP=C:\Users\Lenovo\AppData\Local\Temp




Periodic native trim disabled

JNI global refs:
JNI global refs: 0, weak refs: 0

JNI global refs memory usage: 0, weak refs: 0

Process memory usage:
Resident Set Size: 10928K (0% of 16555320K total physical memory with 4876396K free physical memory)

OOME stack traces (most recent first):
Classloader memory used:

---------------  S Y S T E M  ---------------

OS:
 Windows 10 , 64 bit Build 19041 (10.0.19041.4597)
OS uptime: 0 days 5:30 hours

CPU: total 8 (initial active 8) (4 cores per cpu, 2 threads per core) family 6 model 140 stepping 2 microcode 0x16, cx8, cmov, fxsr, ht, mmx, 3dnowpref, sse, sse2, sse3, ssse3, sse4.1, sse4.2, popcnt, lzcnt, tsc, tscinvbit, avx, avx2, aes, erms, clmul, bmi1, bmi2, adx, avx512f, avx512dq, avx512cd, avx512bw, avx512vl, sha, fma, vzeroupper, avx512_vpopcntdq, avx512_vpclmulqdq, avx512_vaes, avx512_vnni, clflush, clflushopt, clwb, avx512_vbmi2, avx512_vbmi, rdtscp, rdpid, fsrm, gfni, avx512_bitalg, f16c, pku, cet_ibt, cet_ss, avx512_ifma
Processor Information for all 8 processors :
  Max Mhz: 2496, Current Mhz: 2496, Mhz Limit: 2496

Memory: 4k page, system-wide physical 16167M (4762M free)
TotalPageFile size 16167M (AvailPageFile size 245M)
current process WorkingSet (physical memory assigned to process): 10M, peak: 10M
current process commit charge ("private bytes"): 60M, peak: 314M

vm_info: OpenJDK 64-Bit Server VM (21.0.3+13-b509.4) for windows-amd64 JRE (21.0.3+13-b509.4), built on 2024-06-26 by "builduser" with MS VC++ 16.10 / 16.11 (VS2019)

END.
