#
# There is insufficient memory for the Java Runtime Environment to continue.
# Native memory allocation (malloc) failed to allocate 65936 bytes. Error detail: Chunk::new
# Possible reasons:
#   The system is out of physical RAM or swap space
#   This process is running with CompressedOops enabled, and the Java Heap may be blocking the growth of the native heap
# Possible solutions:
#   Reduce memory load on the system
#   Increase physical memory or swap space
#   Check if swap backing store is full
#   Decrease Java heap size (-Xmx/-Xms)
#   Decrease number of Java threads
#   Decrease Java thread stack sizes (-Xss)
#   Set larger code cache with -XX:ReservedCodeCacheSize=
#   JVM is running with Zero Based Compressed Oops mode in which the Java heap is
#     placed in the first 32GB address space. The Java Heap base address is the
#     maximum limit for the native heap growth. Please use -XX:HeapBaseMinAddress
#     to set the Java Heap base and to place the Java Heap above 32GB virtual address.
# This output file may be truncated or incomplete.
#
#  Out of Memory Error (arena.cpp:168), pid=20600, tid=15564
#
# JRE version: OpenJDK Runtime Environment JBR-21.0.3+13-509.4-jcef (21.0.3+13) (build 21.0.3+13-b509.4)
# Java VM: OpenJDK 64-Bit Server VM JBR-21.0.3+13-509.4-jcef (21.0.3+13-b509.4, mixed mode, tiered, compressed oops, compressed class ptrs, g1 gc, windows-amd64)
# No core dump will be written. Minidumps are not enabled by default on client versions of Windows
#

---------------  S U M M A R Y ------------

Command Line: git4idea.http.GitAskPassApp Username for 'https://gitee.com': 

Host: 11th Gen Intel(R) Core(TM) i5-1155G7 @ 2.50GHz, 8 cores, 15G,  Windows 10 , 64 bit Build 19041 (10.0.19041.4597)
Time: Mon Aug 12 15:50:34 2024  Windows 10 , 64 bit Build 19041 (10.0.19041.4597) elapsed time: 0.405954 seconds (0d 0h 0m 0s)

---------------  T H R E A D  ---------------

Current thread (0x000001f63e3e1200):  JavaThread "C2 CompilerThread0" daemon [_thread_in_native, id=15564, stack(0x00000015d5f00000,0x00000015d6000000) (1024K)]


Current CompileTask:
C2:    406 1017       4       sun.security.util.math.intpoly.IntegerPolynomial$MutableElement::conditionalSet (53 bytes)

Stack: [0x00000015d5f00000,0x00000015d6000000]
Native frames: (J=compiled Java code, j=interpreted, Vv=VM code, C=native code)
V  [jvm.dll+0x6e02e9]
V  [jvm.dll+0x8bd373]
V  [jvm.dll+0x8bf8ce]
V  [jvm.dll+0x8bffb3]
V  [jvm.dll+0x2879b6]
V  [jvm.dll+0xc60ad]
V  [jvm.dll+0xc65e3]
V  [jvm.dll+0x2fd071]
V  [jvm.dll+0x607b19]
V  [jvm.dll+0x258392]
V  [jvm.dll+0x25874f]
V  [jvm.dll+0x251035]
V  [jvm.dll+0x24e88e]
V  [jvm.dll+0x1cd024]
V  [jvm.dll+0x25e12c]
V  [jvm.dll+0x25c606]
V  [jvm.dll+0x3fb046]
V  [jvm.dll+0x865328]
V  [jvm.dll+0x6deb2d]
C  [ucrtbase.dll+0x21bb2]
C  [KERNEL32.DLL+0x17374]
C  [ntdll.dll+0x4cc91]


---------------  P R O C E S S  ---------------

Threads class SMR info:
_java_thread_list=0x000001f63ebfbd90, length=16, elements={
0x000001f6235e9140, 0x000001f63e352c20, 0x000001f63e398560, 0x000001f63e3ce350,
0x000001f63e3cedb0, 0x000001f63e3ad630, 0x000001f63e3d7b80, 0x000001f63e3e1200,
0x000001f63e3e78d0, 0x000001f63e3da2e0, 0x000001f63e3d88a0, 0x000001f63e3d8f30,
0x000001f63e3da970, 0x000001f63e3db000, 0x000001f63ebf1f10, 0x000001f63ebf65f0
}

Java Threads: ( => current thread )
  0x000001f6235e9140 JavaThread "main"                              [_thread_blocked, id=17096, stack(0x00000015d5100000,0x00000015d5200000) (1024K)]
  0x000001f63e352c20 JavaThread "Reference Handler"          daemon [_thread_blocked, id=12820, stack(0x00000015d5900000,0x00000015d5a00000) (1024K)]
  0x000001f63e398560 JavaThread "Finalizer"                  daemon [_thread_blocked, id=1552, stack(0x00000015d5a00000,0x00000015d5b00000) (1024K)]
  0x000001f63e3ce350 JavaThread "Signal Dispatcher"          daemon [_thread_blocked, id=1196, stack(0x00000015d5b00000,0x00000015d5c00000) (1024K)]
  0x000001f63e3cedb0 JavaThread "Attach Listener"            daemon [_thread_blocked, id=20676, stack(0x00000015d5c00000,0x00000015d5d00000) (1024K)]
  0x000001f63e3ad630 JavaThread "Service Thread"             daemon [_thread_blocked, id=5652, stack(0x00000015d5d00000,0x00000015d5e00000) (1024K)]
  0x000001f63e3d7b80 JavaThread "Monitor Deflation Thread"   daemon [_thread_blocked, id=12204, stack(0x00000015d5e00000,0x00000015d5f00000) (1024K)]
=>0x000001f63e3e1200 JavaThread "C2 CompilerThread0"         daemon [_thread_in_native, id=15564, stack(0x00000015d5f00000,0x00000015d6000000) (1024K)]
  0x000001f63e3e78d0 JavaThread "C1 CompilerThread0"         daemon [_thread_blocked, id=12068, stack(0x00000015d6000000,0x00000015d6100000) (1024K)]
  0x000001f63e3da2e0 JavaThread "Notification Thread"        daemon [_thread_blocked, id=9732, stack(0x00000015d6100000,0x00000015d6200000) (1024K)]
  0x000001f63e3d88a0 JavaThread "Common-Cleaner"             daemon [_thread_blocked, id=5260, stack(0x00000015d6200000,0x00000015d6300000) (1024K)]
  0x000001f63e3d8f30 JavaThread "HttpClient-1-SelectorManager" daemon [_thread_in_native, id=17540, stack(0x00000015d6300000,0x00000015d6400000) (1024K)]
  0x000001f63e3da970 JavaThread "HttpClient-1-Worker-0"      daemon [_thread_in_Java, id=17752, stack(0x00000015d6500000,0x00000015d6600000) (1024K)]
  0x000001f63e3db000 JavaThread "HttpClient-1-Worker-1"      daemon [_thread_blocked, id=8304, stack(0x00000015d6600000,0x00000015d6700000) (1024K)]
  0x000001f63ebf1f10 JavaThread "C2 CompilerThread1"         daemon [_thread_in_native, id=11096, stack(0x00000015d6700000,0x00000015d6800000) (1024K)]
  0x000001f63ebf65f0 JavaThread "C2 CompilerThread2"         daemon [_thread_in_native, id=9820, stack(0x00000015d6800000,0x00000015d6900000) (1024K)]
Total: 16

Other Threads:
  0x000001f63e3193a0 VMThread "VM Thread"                           [id=15136, stack(0x00000015d5800000,0x00000015d5900000) (1024K)]
  0x000001f63e13bc30 WatcherThread "VM Periodic Task Thread"        [id=15848, stack(0x00000015d5700000,0x00000015d5800000) (1024K)]
  0x000001f623643ac0 WorkerThread "GC Thread#0"                     [id=6668, stack(0x00000015d5200000,0x00000015d5300000) (1024K)]
  0x000001f6236551b0 ConcurrentGCThread "G1 Main Marker"            [id=17712, stack(0x00000015d5300000,0x00000015d5400000) (1024K)]
  0x000001f623655ac0 WorkerThread "G1 Conc#0"                       [id=18912, stack(0x00000015d5400000,0x00000015d5500000) (1024K)]
  0x000001f63e00e540 ConcurrentGCThread "G1 Refine#0"               [id=19272, stack(0x00000015d5500000,0x00000015d5600000) (1024K)]
  0x000001f63e00ffd0 ConcurrentGCThread "G1 Service"                [id=14600, stack(0x00000015d5600000,0x00000015d5700000) (1024K)]
Total: 7

Threads with active compile tasks:
C2 CompilerThread0      427 1017       4       sun.security.util.math.intpoly.IntegerPolynomial$MutableElement::conditionalSet (53 bytes)
C2 CompilerThread1      427 1020       4       sun.security.util.math.intpoly.IntegerPolynomial$MutableElement::setDifference (6 bytes)
C2 CompilerThread2      427 1011       4       sun.security.util.math.intpoly.IntegerPolynomialP256::mult (943 bytes)
Total: 3

VM state: not at safepoint (normal execution)

VM Mutex/Monitor currently owned by a thread: None

Heap address: 0x0000000703600000, size: 4042 MB, Compressed Oops mode: Zero based, Oop shift amount: 3

CDS archive(s) not mapped
Compressed class space mapped at: 0x0000000800000000-0x0000000840000000, reserved size: 1073741824
Narrow klass base: 0x0000000800000000, Narrow klass shift: 0, Narrow klass range: 0x40000000

GC Precious Log:
 CardTable entry size: 512
 Card Set container configuration: InlinePtr #cards 4 size 8 Array Of Cards #cards 16 size 48 Howl #buckets 8 coarsen threshold 3686 Howl Bitmap #cards 512 size 80 coarsen threshold 460 Card regions per heap region 1 cards per card region 4096
 CPUs: 8 total, 8 available
 Memory: 16167M
 Large Page Support: Disabled
 NUMA Support: Disabled
 Compressed Oops: Enabled (Zero based)
 Heap Region Size: 2M
 Heap Min Capacity: 8M
 Heap Initial Capacity: 254M
 Heap Max Capacity: 4042M
 Pre-touch: Disabled
 Parallel Workers: 8
 Concurrent Workers: 2
 Concurrent Refinement Workers: 8
 Periodic GC: Disabled

Heap:
 garbage-first heap   total 260096K, used 14336K [0x0000000703600000, 0x0000000800000000)
  region size 2048K, 8 young (16384K), 0 survivors (0K)
 Metaspace       used 16789K, committed 17088K, reserved 1114112K
  class space    used 1653K, committed 1792K, reserved 1048576K

Heap Regions: E=young(eden), S=young(survivor), O=old, HS=humongous(starts), HC=humongous(continues), CS=collection set, F=free, TAMS=top-at-mark-start, PB=parsable bottom
|   0|0x0000000703600000, 0x0000000703600000, 0x0000000703800000|  0%| F|  |TAMS 0x0000000703600000| PB 0x0000000703600000| Untracked 
|   1|0x0000000703800000, 0x0000000703800000, 0x0000000703a00000|  0%| F|  |TAMS 0x0000000703800000| PB 0x0000000703800000| Untracked 
|   2|0x0000000703a00000, 0x0000000703a00000, 0x0000000703c00000|  0%| F|  |TAMS 0x0000000703a00000| PB 0x0000000703a00000| Untracked 
|   3|0x0000000703c00000, 0x0000000703c00000, 0x0000000703e00000|  0%| F|  |TAMS 0x0000000703c00000| PB 0x0000000703c00000| Untracked 
|   4|0x0000000703e00000, 0x0000000703e00000, 0x0000000704000000|  0%| F|  |TAMS 0x0000000703e00000| PB 0x0000000703e00000| Untracked 
|   5|0x0000000704000000, 0x0000000704000000, 0x0000000704200000|  0%| F|  |TAMS 0x0000000704000000| PB 0x0000000704000000| Untracked 
|   6|0x0000000704200000, 0x0000000704200000, 0x0000000704400000|  0%| F|  |TAMS 0x0000000704200000| PB 0x0000000704200000| Untracked 
|   7|0x0000000704400000, 0x0000000704400000, 0x0000000704600000|  0%| F|  |TAMS 0x0000000704400000| PB 0x0000000704400000| Untracked 
|   8|0x0000000704600000, 0x0000000704600000, 0x0000000704800000|  0%| F|  |TAMS 0x0000000704600000| PB 0x0000000704600000| Untracked 
|   9|0x0000000704800000, 0x0000000704800000, 0x0000000704a00000|  0%| F|  |TAMS 0x0000000704800000| PB 0x0000000704800000| Untracked 
|  10|0x0000000704a00000, 0x0000000704a00000, 0x0000000704c00000|  0%| F|  |TAMS 0x0000000704a00000| PB 0x0000000704a00000| Untracked 
|  11|0x0000000704c00000, 0x0000000704c00000, 0x0000000704e00000|  0%| F|  |TAMS 0x0000000704c00000| PB 0x0000000704c00000| Untracked 
|  12|0x0000000704e00000, 0x0000000704e00000, 0x0000000705000000|  0%| F|  |TAMS 0x0000000704e00000| PB 0x0000000704e00000| Untracked 
|  13|0x0000000705000000, 0x0000000705000000, 0x0000000705200000|  0%| F|  |TAMS 0x0000000705000000| PB 0x0000000705000000| Untracked 
|  14|0x0000000705200000, 0x0000000705200000, 0x0000000705400000|  0%| F|  |TAMS 0x0000000705200000| PB 0x0000000705200000| Untracked 
|  15|0x0000000705400000, 0x0000000705400000, 0x0000000705600000|  0%| F|  |TAMS 0x0000000705400000| PB 0x0000000705400000| Untracked 
|  16|0x0000000705600000, 0x0000000705600000, 0x0000000705800000|  0%| F|  |TAMS 0x0000000705600000| PB 0x0000000705600000| Untracked 
|  17|0x0000000705800000, 0x0000000705800000, 0x0000000705a00000|  0%| F|  |TAMS 0x0000000705800000| PB 0x0000000705800000| Untracked 
|  18|0x0000000705a00000, 0x0000000705a00000, 0x0000000705c00000|  0%| F|  |TAMS 0x0000000705a00000| PB 0x0000000705a00000| Untracked 
|  19|0x0000000705c00000, 0x0000000705c00000, 0x0000000705e00000|  0%| F|  |TAMS 0x0000000705c00000| PB 0x0000000705c00000| Untracked 
|  20|0x0000000705e00000, 0x0000000705e00000, 0x0000000706000000|  0%| F|  |TAMS 0x0000000705e00000| PB 0x0000000705e00000| Untracked 
|  21|0x0000000706000000, 0x0000000706000000, 0x0000000706200000|  0%| F|  |TAMS 0x0000000706000000| PB 0x0000000706000000| Untracked 
|  22|0x0000000706200000, 0x0000000706200000, 0x0000000706400000|  0%| F|  |TAMS 0x0000000706200000| PB 0x0000000706200000| Untracked 
|  23|0x0000000706400000, 0x0000000706400000, 0x0000000706600000|  0%| F|  |TAMS 0x0000000706400000| PB 0x0000000706400000| Untracked 
|  24|0x0000000706600000, 0x0000000706600000, 0x0000000706800000|  0%| F|  |TAMS 0x0000000706600000| PB 0x0000000706600000| Untracked 
|  25|0x0000000706800000, 0x0000000706800000, 0x0000000706a00000|  0%| F|  |TAMS 0x0000000706800000| PB 0x0000000706800000| Untracked 
|  26|0x0000000706a00000, 0x0000000706a00000, 0x0000000706c00000|  0%| F|  |TAMS 0x0000000706a00000| PB 0x0000000706a00000| Untracked 
|  27|0x0000000706c00000, 0x0000000706c00000, 0x0000000706e00000|  0%| F|  |TAMS 0x0000000706c00000| PB 0x0000000706c00000| Untracked 
|  28|0x0000000706e00000, 0x0000000706e00000, 0x0000000707000000|  0%| F|  |TAMS 0x0000000706e00000| PB 0x0000000706e00000| Untracked 
|  29|0x0000000707000000, 0x0000000707000000, 0x0000000707200000|  0%| F|  |TAMS 0x0000000707000000| PB 0x0000000707000000| Untracked 
|  30|0x0000000707200000, 0x0000000707200000, 0x0000000707400000|  0%| F|  |TAMS 0x0000000707200000| PB 0x0000000707200000| Untracked 
|  31|0x0000000707400000, 0x0000000707400000, 0x0000000707600000|  0%| F|  |TAMS 0x0000000707400000| PB 0x0000000707400000| Untracked 
|  32|0x0000000707600000, 0x0000000707600000, 0x0000000707800000|  0%| F|  |TAMS 0x0000000707600000| PB 0x0000000707600000| Untracked 
|  33|0x0000000707800000, 0x0000000707800000, 0x0000000707a00000|  0%| F|  |TAMS 0x0000000707800000| PB 0x0000000707800000| Untracked 
|  34|0x0000000707a00000, 0x0000000707a00000, 0x0000000707c00000|  0%| F|  |TAMS 0x0000000707a00000| PB 0x0000000707a00000| Untracked 
|  35|0x0000000707c00000, 0x0000000707c00000, 0x0000000707e00000|  0%| F|  |TAMS 0x0000000707c00000| PB 0x0000000707c00000| Untracked 
|  36|0x0000000707e00000, 0x0000000707e00000, 0x0000000708000000|  0%| F|  |TAMS 0x0000000707e00000| PB 0x0000000707e00000| Untracked 
|  37|0x0000000708000000, 0x0000000708000000, 0x0000000708200000|  0%| F|  |TAMS 0x0000000708000000| PB 0x0000000708000000| Untracked 
|  38|0x0000000708200000, 0x0000000708200000, 0x0000000708400000|  0%| F|  |TAMS 0x0000000708200000| PB 0x0000000708200000| Untracked 
|  39|0x0000000708400000, 0x0000000708400000, 0x0000000708600000|  0%| F|  |TAMS 0x0000000708400000| PB 0x0000000708400000| Untracked 
|  40|0x0000000708600000, 0x0000000708600000, 0x0000000708800000|  0%| F|  |TAMS 0x0000000708600000| PB 0x0000000708600000| Untracked 
|  41|0x0000000708800000, 0x0000000708800000, 0x0000000708a00000|  0%| F|  |TAMS 0x0000000708800000| PB 0x0000000708800000| Untracked 
|  42|0x0000000708a00000, 0x0000000708a00000, 0x0000000708c00000|  0%| F|  |TAMS 0x0000000708a00000| PB 0x0000000708a00000| Untracked 
|  43|0x0000000708c00000, 0x0000000708c00000, 0x0000000708e00000|  0%| F|  |TAMS 0x0000000708c00000| PB 0x0000000708c00000| Untracked 
|  44|0x0000000708e00000, 0x0000000708e00000, 0x0000000709000000|  0%| F|  |TAMS 0x0000000708e00000| PB 0x0000000708e00000| Untracked 
|  45|0x0000000709000000, 0x0000000709000000, 0x0000000709200000|  0%| F|  |TAMS 0x0000000709000000| PB 0x0000000709000000| Untracked 
|  46|0x0000000709200000, 0x0000000709200000, 0x0000000709400000|  0%| F|  |TAMS 0x0000000709200000| PB 0x0000000709200000| Untracked 
|  47|0x0000000709400000, 0x0000000709400000, 0x0000000709600000|  0%| F|  |TAMS 0x0000000709400000| PB 0x0000000709400000| Untracked 
|  48|0x0000000709600000, 0x0000000709600000, 0x0000000709800000|  0%| F|  |TAMS 0x0000000709600000| PB 0x0000000709600000| Untracked 
|  49|0x0000000709800000, 0x0000000709800000, 0x0000000709a00000|  0%| F|  |TAMS 0x0000000709800000| PB 0x0000000709800000| Untracked 
|  50|0x0000000709a00000, 0x0000000709a00000, 0x0000000709c00000|  0%| F|  |TAMS 0x0000000709a00000| PB 0x0000000709a00000| Untracked 
|  51|0x0000000709c00000, 0x0000000709c00000, 0x0000000709e00000|  0%| F|  |TAMS 0x0000000709c00000| PB 0x0000000709c00000| Untracked 
|  52|0x0000000709e00000, 0x0000000709e00000, 0x000000070a000000|  0%| F|  |TAMS 0x0000000709e00000| PB 0x0000000709e00000| Untracked 
|  53|0x000000070a000000, 0x000000070a000000, 0x000000070a200000|  0%| F|  |TAMS 0x000000070a000000| PB 0x000000070a000000| Untracked 
|  54|0x000000070a200000, 0x000000070a200000, 0x000000070a400000|  0%| F|  |TAMS 0x000000070a200000| PB 0x000000070a200000| Untracked 
|  55|0x000000070a400000, 0x000000070a400000, 0x000000070a600000|  0%| F|  |TAMS 0x000000070a400000| PB 0x000000070a400000| Untracked 
|  56|0x000000070a600000, 0x000000070a600000, 0x000000070a800000|  0%| F|  |TAMS 0x000000070a600000| PB 0x000000070a600000| Untracked 
|  57|0x000000070a800000, 0x000000070a800000, 0x000000070aa00000|  0%| F|  |TAMS 0x000000070a800000| PB 0x000000070a800000| Untracked 
|  58|0x000000070aa00000, 0x000000070aa00000, 0x000000070ac00000|  0%| F|  |TAMS 0x000000070aa00000| PB 0x000000070aa00000| Untracked 
|  59|0x000000070ac00000, 0x000000070ac00000, 0x000000070ae00000|  0%| F|  |TAMS 0x000000070ac00000| PB 0x000000070ac00000| Untracked 
|  60|0x000000070ae00000, 0x000000070ae00000, 0x000000070b000000|  0%| F|  |TAMS 0x000000070ae00000| PB 0x000000070ae00000| Untracked 
|  61|0x000000070b000000, 0x000000070b000000, 0x000000070b200000|  0%| F|  |TAMS 0x000000070b000000| PB 0x000000070b000000| Untracked 
|  62|0x000000070b200000, 0x000000070b200000, 0x000000070b400000|  0%| F|  |TAMS 0x000000070b200000| PB 0x000000070b200000| Untracked 
|  63|0x000000070b400000, 0x000000070b400000, 0x000000070b600000|  0%| F|  |TAMS 0x000000070b400000| PB 0x000000070b400000| Untracked 
|  64|0x000000070b600000, 0x000000070b600000, 0x000000070b800000|  0%| F|  |TAMS 0x000000070b600000| PB 0x000000070b600000| Untracked 
|  65|0x000000070b800000, 0x000000070b800000, 0x000000070ba00000|  0%| F|  |TAMS 0x000000070b800000| PB 0x000000070b800000| Untracked 
|  66|0x000000070ba00000, 0x000000070ba00000, 0x000000070bc00000|  0%| F|  |TAMS 0x000000070ba00000| PB 0x000000070ba00000| Untracked 
|  67|0x000000070bc00000, 0x000000070bc00000, 0x000000070be00000|  0%| F|  |TAMS 0x000000070bc00000| PB 0x000000070bc00000| Untracked 
|  68|0x000000070be00000, 0x000000070be00000, 0x000000070c000000|  0%| F|  |TAMS 0x000000070be00000| PB 0x000000070be00000| Untracked 
|  69|0x000000070c000000, 0x000000070c000000, 0x000000070c200000|  0%| F|  |TAMS 0x000000070c000000| PB 0x000000070c000000| Untracked 
|  70|0x000000070c200000, 0x000000070c200000, 0x000000070c400000|  0%| F|  |TAMS 0x000000070c200000| PB 0x000000070c200000| Untracked 
|  71|0x000000070c400000, 0x000000070c400000, 0x000000070c600000|  0%| F|  |TAMS 0x000000070c400000| PB 0x000000070c400000| Untracked 
|  72|0x000000070c600000, 0x000000070c600000, 0x000000070c800000|  0%| F|  |TAMS 0x000000070c600000| PB 0x000000070c600000| Untracked 
|  73|0x000000070c800000, 0x000000070c800000, 0x000000070ca00000|  0%| F|  |TAMS 0x000000070c800000| PB 0x000000070c800000| Untracked 
|  74|0x000000070ca00000, 0x000000070ca00000, 0x000000070cc00000|  0%| F|  |TAMS 0x000000070ca00000| PB 0x000000070ca00000| Untracked 
|  75|0x000000070cc00000, 0x000000070cc00000, 0x000000070ce00000|  0%| F|  |TAMS 0x000000070cc00000| PB 0x000000070cc00000| Untracked 
|  76|0x000000070ce00000, 0x000000070ce00000, 0x000000070d000000|  0%| F|  |TAMS 0x000000070ce00000| PB 0x000000070ce00000| Untracked 
|  77|0x000000070d000000, 0x000000070d000000, 0x000000070d200000|  0%| F|  |TAMS 0x000000070d000000| PB 0x000000070d000000| Untracked 
|  78|0x000000070d200000, 0x000000070d200000, 0x000000070d400000|  0%| F|  |TAMS 0x000000070d200000| PB 0x000000070d200000| Untracked 
|  79|0x000000070d400000, 0x000000070d400000, 0x000000070d600000|  0%| F|  |TAMS 0x000000070d400000| PB 0x000000070d400000| Untracked 
|  80|0x000000070d600000, 0x000000070d600000, 0x000000070d800000|  0%| F|  |TAMS 0x000000070d600000| PB 0x000000070d600000| Untracked 
|  81|0x000000070d800000, 0x000000070d800000, 0x000000070da00000|  0%| F|  |TAMS 0x000000070d800000| PB 0x000000070d800000| Untracked 
|  82|0x000000070da00000, 0x000000070da00000, 0x000000070dc00000|  0%| F|  |TAMS 0x000000070da00000| PB 0x000000070da00000| Untracked 
|  83|0x000000070dc00000, 0x000000070dc00000, 0x000000070de00000|  0%| F|  |TAMS 0x000000070dc00000| PB 0x000000070dc00000| Untracked 
|  84|0x000000070de00000, 0x000000070de00000, 0x000000070e000000|  0%| F|  |TAMS 0x000000070de00000| PB 0x000000070de00000| Untracked 
|  85|0x000000070e000000, 0x000000070e000000, 0x000000070e200000|  0%| F|  |TAMS 0x000000070e000000| PB 0x000000070e000000| Untracked 
|  86|0x000000070e200000, 0x000000070e200000, 0x000000070e400000|  0%| F|  |TAMS 0x000000070e200000| PB 0x000000070e200000| Untracked 
|  87|0x000000070e400000, 0x000000070e400000, 0x000000070e600000|  0%| F|  |TAMS 0x000000070e400000| PB 0x000000070e400000| Untracked 
|  88|0x000000070e600000, 0x000000070e600000, 0x000000070e800000|  0%| F|  |TAMS 0x000000070e600000| PB 0x000000070e600000| Untracked 
|  89|0x000000070e800000, 0x000000070e800000, 0x000000070ea00000|  0%| F|  |TAMS 0x000000070e800000| PB 0x000000070e800000| Untracked 
|  90|0x000000070ea00000, 0x000000070ea00000, 0x000000070ec00000|  0%| F|  |TAMS 0x000000070ea00000| PB 0x000000070ea00000| Untracked 
|  91|0x000000070ec00000, 0x000000070ec00000, 0x000000070ee00000|  0%| F|  |TAMS 0x000000070ec00000| PB 0x000000070ec00000| Untracked 
|  92|0x000000070ee00000, 0x000000070ee00000, 0x000000070f000000|  0%| F|  |TAMS 0x000000070ee00000| PB 0x000000070ee00000| Untracked 
|  93|0x000000070f000000, 0x000000070f000000, 0x000000070f200000|  0%| F|  |TAMS 0x000000070f000000| PB 0x000000070f000000| Untracked 
|  94|0x000000070f200000, 0x000000070f200000, 0x000000070f400000|  0%| F|  |TAMS 0x000000070f200000| PB 0x000000070f200000| Untracked 
|  95|0x000000070f400000, 0x000000070f400000, 0x000000070f600000|  0%| F|  |TAMS 0x000000070f400000| PB 0x000000070f400000| Untracked 
|  96|0x000000070f600000, 0x000000070f600000, 0x000000070f800000|  0%| F|  |TAMS 0x000000070f600000| PB 0x000000070f600000| Untracked 
|  97|0x000000070f800000, 0x000000070f800000, 0x000000070fa00000|  0%| F|  |TAMS 0x000000070f800000| PB 0x000000070f800000| Untracked 
|  98|0x000000070fa00000, 0x000000070fa00000, 0x000000070fc00000|  0%| F|  |TAMS 0x000000070fa00000| PB 0x000000070fa00000| Untracked 
|  99|0x000000070fc00000, 0x000000070fc00000, 0x000000070fe00000|  0%| F|  |TAMS 0x000000070fc00000| PB 0x000000070fc00000| Untracked 
| 100|0x000000070fe00000, 0x000000070fe00000, 0x0000000710000000|  0%| F|  |TAMS 0x000000070fe00000| PB 0x000000070fe00000| Untracked 
| 101|0x0000000710000000, 0x0000000710000000, 0x0000000710200000|  0%| F|  |TAMS 0x0000000710000000| PB 0x0000000710000000| Untracked 
| 102|0x0000000710200000, 0x0000000710200000, 0x0000000710400000|  0%| F|  |TAMS 0x0000000710200000| PB 0x0000000710200000| Untracked 
| 103|0x0000000710400000, 0x0000000710400000, 0x0000000710600000|  0%| F|  |TAMS 0x0000000710400000| PB 0x0000000710400000| Untracked 
| 104|0x0000000710600000, 0x0000000710600000, 0x0000000710800000|  0%| F|  |TAMS 0x0000000710600000| PB 0x0000000710600000| Untracked 
| 105|0x0000000710800000, 0x0000000710800000, 0x0000000710a00000|  0%| F|  |TAMS 0x0000000710800000| PB 0x0000000710800000| Untracked 
| 106|0x0000000710a00000, 0x0000000710a00000, 0x0000000710c00000|  0%| F|  |TAMS 0x0000000710a00000| PB 0x0000000710a00000| Untracked 
| 107|0x0000000710c00000, 0x0000000710c00000, 0x0000000710e00000|  0%| F|  |TAMS 0x0000000710c00000| PB 0x0000000710c00000| Untracked 
| 108|0x0000000710e00000, 0x0000000710e00000, 0x0000000711000000|  0%| F|  |TAMS 0x0000000710e00000| PB 0x0000000710e00000| Untracked 
| 109|0x0000000711000000, 0x0000000711000000, 0x0000000711200000|  0%| F|  |TAMS 0x0000000711000000| PB 0x0000000711000000| Untracked 
| 110|0x0000000711200000, 0x0000000711200000, 0x0000000711400000|  0%| F|  |TAMS 0x0000000711200000| PB 0x0000000711200000| Untracked 
| 111|0x0000000711400000, 0x0000000711400000, 0x0000000711600000|  0%| F|  |TAMS 0x0000000711400000| PB 0x0000000711400000| Untracked 
| 112|0x0000000711600000, 0x0000000711600000, 0x0000000711800000|  0%| F|  |TAMS 0x0000000711600000| PB 0x0000000711600000| Untracked 
| 113|0x0000000711800000, 0x0000000711800000, 0x0000000711a00000|  0%| F|  |TAMS 0x0000000711800000| PB 0x0000000711800000| Untracked 
| 114|0x0000000711a00000, 0x0000000711a00000, 0x0000000711c00000|  0%| F|  |TAMS 0x0000000711a00000| PB 0x0000000711a00000| Untracked 
| 115|0x0000000711c00000, 0x0000000711c00000, 0x0000000711e00000|  0%| F|  |TAMS 0x0000000711c00000| PB 0x0000000711c00000| Untracked 
| 116|0x0000000711e00000, 0x0000000711e00000, 0x0000000712000000|  0%| F|  |TAMS 0x0000000711e00000| PB 0x0000000711e00000| Untracked 
| 117|0x0000000712000000, 0x0000000712000000, 0x0000000712200000|  0%| F|  |TAMS 0x0000000712000000| PB 0x0000000712000000| Untracked 
| 118|0x0000000712200000, 0x0000000712200000, 0x0000000712400000|  0%| F|  |TAMS 0x0000000712200000| PB 0x0000000712200000| Untracked 
| 119|0x0000000712400000, 0x0000000712471298, 0x0000000712600000| 22%| E|  |TAMS 0x0000000712400000| PB 0x0000000712400000| Complete 
| 120|0x0000000712600000, 0x0000000712800000, 0x0000000712800000|100%| E|CS|TAMS 0x0000000712600000| PB 0x0000000712600000| Complete 
| 121|0x0000000712800000, 0x0000000712a00000, 0x0000000712a00000|100%| E|CS|TAMS 0x0000000712800000| PB 0x0000000712800000| Complete 
| 122|0x0000000712a00000, 0x0000000712c00000, 0x0000000712c00000|100%| E|CS|TAMS 0x0000000712a00000| PB 0x0000000712a00000| Complete 
| 123|0x0000000712c00000, 0x0000000712e00000, 0x0000000712e00000|100%| E|CS|TAMS 0x0000000712c00000| PB 0x0000000712c00000| Complete 
| 124|0x0000000712e00000, 0x0000000713000000, 0x0000000713000000|100%| E|CS|TAMS 0x0000000712e00000| PB 0x0000000712e00000| Complete 
| 125|0x0000000713000000, 0x0000000713200000, 0x0000000713200000|100%| E|CS|TAMS 0x0000000713000000| PB 0x0000000713000000| Complete 
| 126|0x0000000713200000, 0x0000000713400000, 0x0000000713400000|100%| E|CS|TAMS 0x0000000713200000| PB 0x0000000713200000| Complete 

Card table byte_map: [0x000001f637030000,0x000001f637820000] _byte_map_base: 0x000001f633815000

Marking Bits: (CMBitMap*) 0x000001f623644e80
 Bits: [0x000001f637820000, 0x000001f63b748000)

Polling page: 0x000001f6215f0000

Metaspace:

Usage:
  Non-class:     14.85 MB used.
      Class:      1.63 MB used.
       Both:     16.48 MB used.

Virtual space:
  Non-class space:       64.00 MB reserved,      14.94 MB ( 23%) committed,  1 nodes.
      Class space:        1.00 GB reserved,       1.75 MB ( <1%) committed,  1 nodes.
             Both:        1.06 GB reserved,      16.69 MB (  2%) committed. 

Chunk freelists:
   Non-Class:  896.00 KB
       Class:  14.17 MB
        Both:  15.05 MB

MaxMetaspaceSize: unlimited
CompressedClassSpaceSize: 1.00 GB
Initial GC threshold: 21.00 MB
Current GC threshold: 21.00 MB
CDS: off
 - commit_granule_bytes: 65536.
 - commit_granule_words: 8192.
 - virtual_space_node_default_size: 8388608.
 - enlarge_chunks_in_place: 1.
 - use_allocation_guard: 0.


Internal statistics:

num_allocs_failed_limit: 0.
num_arena_births: 222.
num_arena_deaths: 0.
num_vsnodes_births: 2.
num_vsnodes_deaths: 0.
num_space_committed: 267.
num_space_uncommitted: 0.
num_chunks_returned_to_freelist: 0.
num_chunks_taken_from_freelist: 397.
num_chunk_merges: 0.
num_chunk_splits: 222.
num_chunks_enlarged: 101.
num_inconsistent_stats: 0.

CodeHeap 'non-profiled nmethods': size=120000Kb used=318Kb max_used=318Kb free=119681Kb
 bounds [0x000001f62efd0000, 0x000001f62f240000, 0x000001f636500000]
CodeHeap 'profiled nmethods': size=120000Kb used=1663Kb max_used=1663Kb free=118336Kb
 bounds [0x000001f627500000, 0x000001f627770000, 0x000001f62ea30000]
CodeHeap 'non-nmethods': size=5760Kb used=1579Kb max_used=1594Kb free=4180Kb
 bounds [0x000001f62ea30000, 0x000001f62eca0000, 0x000001f62efd0000]
 total_blobs=1552 nmethods=1037 adapters=420
 compilation: enabled
              stopped_count=0, restarted_count=0
 full_count=0

Compilation events (20 events):
Event: 0.401 Thread 0x000001f63ebf1f10 1007       4       sun.security.util.math.intpoly.IntegerPolynomialP256::carryReduce (895 bytes)
Event: 0.401 Thread 0x000001f63e3e78d0 1018       3       sun.security.util.math.intpoly.IntegerPolynomial$MutableElement::setAdditiveInverse (32 bytes)
Event: 0.401 Thread 0x000001f63ebf65f0 nmethod 1004 0x000001f62f01cd10 code [0x000001f62f01cec0, 0x000001f62f01d128]
Event: 0.401 Thread 0x000001f63ebf65f0 1008       4       sun.security.util.math.intpoly.IntegerPolynomial$MutableElement::setProduct (118 bytes)
Event: 0.402 Thread 0x000001f63e3e78d0 nmethod 1018 0x000001f627689490 code [0x000001f627689640, 0x000001f627689820]
Event: 0.402 Thread 0x000001f63e3e1200 nmethod 998 0x000001f62f01d290 code [0x000001f62f01d440, 0x000001f62f01d700]
Event: 0.402 Thread 0x000001f63e3e1200 1016       4       sun.security.util.math.intpoly.IntegerPolynomial$MutableElement::setProduct (6 bytes)
Event: 0.402 Thread 0x000001f63ebf65f0 nmethod 1008 0x000001f62f01d890 code [0x000001f62f01da40, 0x000001f62f01dc20]
Event: 0.402 Thread 0x000001f63ebf65f0 1009       4       sun.security.util.math.intpoly.IntegerPolynomial$MutableElement::setValue (60 bytes)
Event: 0.402 Thread 0x000001f63e3e1200 nmethod 1016 0x000001f62f01dd90 code [0x000001f62f01df40, 0x000001f62f01e120]
Event: 0.402 Thread 0x000001f63e3e1200 1015       4       sun.security.util.math.intpoly.IntegerPolynomial$MutableElement::setValue (6 bytes)
Event: 0.403 Thread 0x000001f63e3e78d0 1021       3       sun.security.ec.ECOperations$PointMultiplier$Default::double4 (32 bytes)
Event: 0.403 Thread 0x000001f63e3e78d0 nmethod 1021 0x000001f627689910 code [0x000001f627689ac0, 0x000001f627689d30]
Event: 0.403 Thread 0x000001f63e3e78d0 1022       3       sun.security.ec.ECOperations::setSum (685 bytes)
Event: 0.403 Thread 0x000001f63ebf65f0 nmethod 1009 0x000001f62f01e310 code [0x000001f62f01e4a0, 0x000001f62f01e640]
Event: 0.403 Thread 0x000001f63ebf65f0 1011       4       sun.security.util.math.intpoly.IntegerPolynomialP256::mult (943 bytes)
Event: 0.403 Thread 0x000001f63e3e1200 nmethod 1015 0x000001f62f01e790 code [0x000001f62f01e920, 0x000001f62f01eac0]
Event: 0.403 Thread 0x000001f63e3e1200 1017       4       sun.security.util.math.intpoly.IntegerPolynomial$MutableElement::conditionalSet (53 bytes)
Event: 0.404 Thread 0x000001f63ebf1f10 nmethod 1007 0x000001f62f01ec10 code [0x000001f62f01eda0, 0x000001f62f01f470]
Event: 0.404 Thread 0x000001f63ebf1f10 1020       4       sun.security.util.math.intpoly.IntegerPolynomial$MutableElement::setDifference (6 bytes)

GC Heap History (0 events):
No events

Dll operation events (2 events):
Event: 0.006 Loaded shared library D:\Java\IntelliJ IDEA 2024.2\jbr\bin\java.dll
Event: 0.010 Loaded shared library D:\Java\IntelliJ IDEA 2024.2\jbr\bin\zip.dll

Deoptimization events (2 events):
Event: 0.277 Thread 0x000001f6235e9140 DEOPT PACKING pc=0x000001f62751b778 sp=0x00000015d51fc3a0
Event: 0.277 Thread 0x000001f6235e9140 DEOPT UNPACKING pc=0x000001f62ea888e2 sp=0x00000015d51fb7c0 mode 0

Classes loaded (20 events):
Event: 0.389 Loading class sun/security/ssl/KeyShareExtension$KeyShareEntry
Event: 0.389 Loading class sun/security/ssl/KeyShareExtension$KeyShareEntry done
Event: 0.389 Loading class sun/security/ssl/ECDHKeyExchange$ECDHEPossession
Event: 0.390 Loading class sun/security/ssl/ECDHKeyExchange$ECDHEPossession done
Event: 0.390 Loading class sun/security/util/math/intpoly/IntegerPolynomialP384
Event: 0.390 Loading class sun/security/util/math/intpoly/IntegerPolynomialP384 done
Event: 0.390 Loading class sun/security/util/math/intpoly/IntegerPolynomialP521
Event: 0.390 Loading class sun/security/util/math/intpoly/IntegerPolynomialP521 done
Event: 0.391 Loading class sun/security/util/math/intpoly/P384OrderField
Event: 0.391 Loading class sun/security/util/math/intpoly/P384OrderField done
Event: 0.391 Loading class sun/security/util/math/intpoly/P521OrderField
Event: 0.391 Loading class sun/security/util/math/intpoly/P521OrderField done
Event: 0.391 Loading class java/security/interfaces/ECPrivateKey
Event: 0.391 Loading class java/security/interfaces/ECPrivateKey done
Event: 0.392 Loading class sun/security/util/ArrayUtil
Event: 0.392 Loading class sun/security/util/ArrayUtil done
Event: 0.392 Loading class java/util/ImmutableCollections$Map1
Event: 0.392 Loading class java/util/ImmutableCollections$Map1 done
Event: 0.394 Loading class sun/security/util/math/IntegerModuloP$MultiplicativeInverser$Secp256R1
Event: 0.394 Loading class sun/security/util/math/IntegerModuloP$MultiplicativeInverser$Secp256R1 done

Classes unloaded (0 events):
No events

Classes redefined (0 events):
No events

Internal exceptions (20 events):
Event: 0.249 Thread 0x000001f6235e9140 Exception <a 'java/lang/NoSuchMethodError'{0x0000000712c6ed90}: 'int java.lang.invoke.DirectMethodHandle$Holder.invokeVirtual(java.lang.Object, java.lang.Object)'> (0x0000000712c6ed90) 
thrown [s\src\hotspot\share\interpreter\linkResolver.cpp, line 784]
Event: 0.250 Thread 0x000001f6235e9140 Exception <a 'java/lang/NoSuchMethodError'{0x0000000712c73238}: 'int java.lang.invoke.DirectMethodHandle$Holder.invokeStaticInit(java.lang.Object, int, int)'> (0x0000000712c73238) 
thrown [s\src\hotspot\share\interpreter\linkResolver.cpp, line 784]
Event: 0.250 Thread 0x000001f6235e9140 Exception <a 'java/lang/NoSuchMethodError'{0x0000000712c7a5f8}: 'int java.lang.invoke.DirectMethodHandle$Holder.invokeStaticInit(java.lang.Object, long, long)'> (0x0000000712c7a5f8) 
thrown [s\src\hotspot\share\interpreter\linkResolver.cpp, line 784]
Event: 0.250 Thread 0x000001f6235e9140 Exception <a 'java/lang/NoSuchMethodError'{0x0000000712c80f10}: 'int java.lang.invoke.DirectMethodHandle$Holder.invokeStaticInit(java.lang.Object, float, float)'> (0x0000000712c80f10) 
thrown [s\src\hotspot\share\interpreter\linkResolver.cpp, line 784]
Event: 0.251 Thread 0x000001f6235e9140 Exception <a 'java/lang/NoSuchMethodError'{0x0000000712c87820}: 'int java.lang.invoke.DirectMethodHandle$Holder.invokeStaticInit(java.lang.Object, double, double)'> (0x0000000712c87820) 
thrown [s\src\hotspot\share\interpreter\linkResolver.cpp, line 784]
Event: 0.251 Thread 0x000001f6235e9140 Exception <a 'java/lang/NoSuchMethodError'{0x0000000712c8bdd0}: 'int java.lang.invoke.DirectMethodHandle$Holder.invokeStatic(java.lang.Object, long)'> (0x0000000712c8bdd0) 
thrown [s\src\hotspot\share\interpreter\linkResolver.cpp, line 784]
Event: 0.254 Thread 0x000001f6235e9140 Exception <a 'java/lang/NoSuchMethodError'{0x0000000712cb7c50}: 'java.lang.Object java.lang.invoke.DelegatingMethodHandle$Holder.delegate(java.lang.Object, int, java.lang.Object, java.lang.Object)'> (0x0000000712cb7c50) 
thrown [s\src\hotspot\share\interpreter\linkResolver.cpp, line 784]
Event: 0.255 Thread 0x000001f6235e9140 Exception <a 'java/lang/NoSuchMethodError'{0x0000000712cc6d60}: 'int java.lang.invoke.Invokers$Holder.linkToTargetMethod(java.lang.Object, java.lang.Object, java.lang.Object)'> (0x0000000712cc6d60) 
thrown [s\src\hotspot\share\interpreter\linkResolver.cpp, line 784]
Event: 0.257 Thread 0x000001f6235e9140 Exception <a 'java/lang/NoSuchMethodError'{0x0000000712cf9300}: 'long java.lang.invoke.DirectMethodHandle$Holder.invokeSpecial(java.lang.Object, java.lang.Object)'> (0x0000000712cf9300) 
thrown [s\src\hotspot\share\interpreter\linkResolver.cpp, line 784]
Event: 0.258 Thread 0x000001f6235e9140 Exception <a 'java/lang/NoSuchMethodError'{0x0000000712cffa00}: 'int java.lang.invoke.DirectMethodHandle$Holder.invokeStatic(java.lang.Object, java.lang.Object, java.lang.Object, java.lang.Object)'> (0x0000000712cffa00) 
thrown [s\src\hotspot\share\interpreter\linkResolver.cpp, line 784]
Event: 0.258 Thread 0x000001f6235e9140 Exception <a 'java/lang/NoSuchMethodError'{0x0000000712d02dd0}: 'java.lang.Object java.lang.invoke.Invokers$Holder.invokeExact_MT(java.lang.Object, java.lang.Object, java.lang.Object, java.lang.Object, java.lang.Object, java.lang.Object)'> (0x0000000712d02dd0) 
thrown [s\src\hotspot\share\interpreter\linkResolver.cpp, line 784]
Event: 0.320 Thread 0x000001f6235e9140 Exception <a 'java/lang/NoSuchMethodError'{0x0000000712b1f170}: 'java.lang.Object java.lang.invoke.DirectMethodHandle$Holder.newInvokeSpecial(java.lang.Object, java.lang.Object, java.lang.Object, java.lang.Object, java.lang.Object)'> (0x0000000712b1f170) 
thrown [s\src\hotspot\share\interpreter\linkResolver.cpp, line 784]
Event: 0.339 Thread 0x000001f6235e9140 Exception <a 'java/lang/NoSuchMethodError'{0x000000071290e5c8}: 'java.lang.Object java.lang.invoke.DirectMethodHandle$Holder.invokeSpecial(java.lang.Object, java.lang.Object, java.lang.Object, java.lang.Object, int)'> (0x000000071290e5c8) 
thrown [s\src\hotspot\share\interpreter\linkResolver.cpp, line 784]
Event: 0.339 Thread 0x000001f6235e9140 Exception <a 'java/lang/NoSuchMethodError'{0x0000000712911f10}: 'java.lang.Object java.lang.invoke.Invokers$Holder.linkToTargetMethod(java.lang.Object, java.lang.Object, int, java.lang.Object)'> (0x0000000712911f10) 
thrown [s\src\hotspot\share\interpreter\linkResolver.cpp, line 784]
Event: 0.345 Thread 0x000001f6235e9140 Exception <a 'java/lang/NoSuchMethodError'{0x000000071293fc18}: 'void java.lang.invoke.DirectMethodHandle$Holder.invokeSpecial(java.lang.Object, java.lang.Object, java.lang.Object)'> (0x000000071293fc18) 
thrown [s\src\hotspot\share\interpreter\linkResolver.cpp, line 784]
Event: 0.354 Thread 0x000001f6235e9140 Exception <a 'java/lang/NoSuchMethodError'{0x00000007129c05f0}: 'void java.lang.invoke.DirectMethodHandle$Holder.invokeSpecial(java.lang.Object, java.lang.Object, java.lang.Object, java.lang.Object, java.lang.Object)'> (0x00000007129c05f0) 
thrown [s\src\hotspot\share\interpreter\linkResolver.cpp, line 784]
Event: 0.355 Thread 0x000001f63e3d8f30 Exception <a 'java/lang/NoSuchMethodError'{0x0000000712b731b8}: 'void java.lang.invoke.DirectMethodHandle$Holder.invokeStatic(java.lang.Object, java.lang.Object, int)'> (0x0000000712b731b8) 
thrown [s\src\hotspot\share\interpreter\linkResolver.cpp, line 784]
Event: 0.360 Thread 0x000001f63e3d8f30 Exception <a 'java/lang/NoSuchMethodError'{0x0000000712babc88}: 'void java.lang.invoke.DirectMethodHandle$Holder.invokeStatic(java.lang.Object, java.lang.Object)'> (0x0000000712babc88) 
thrown [s\src\hotspot\share\interpreter\linkResolver.cpp, line 784]
Event: 0.361 Thread 0x000001f63e3da970 Exception <a 'java/lang/NoSuchMethodError'{0x000000071260e100}: 'void java.lang.invoke.DirectMethodHandle$Holder.invokeInterface(java.lang.Object, java.lang.Object, java.lang.Object)'> (0x000000071260e100) 
thrown [s\src\hotspot\share\interpreter\linkResolver.cpp, line 784]
Event: 0.365 Thread 0x000001f63e3da970 Exception <a 'java/lang/NoSuchMethodError'{0x000000071265f798}: 'void java.lang.invoke.DirectMethodHandle$Holder.invokeVirtual(java.lang.Object, java.lang.Object)'> (0x000000071265f798) 
thrown [s\src\hotspot\share\interpreter\linkResolver.cpp, line 784]

ZGC Phase Switch (0 events):
No events

VM Operations (8 events):
Event: 0.097 Executing VM operation: HandshakeAllThreads (Deoptimize)
Event: 0.097 Executing VM operation: HandshakeAllThreads (Deoptimize) done
Event: 0.104 Executing VM operation: HandshakeAllThreads (Deoptimize)
Event: 0.104 Executing VM operation: HandshakeAllThreads (Deoptimize) done
Event: 0.214 Executing VM operation: HandshakeAllThreads (Deoptimize)
Event: 0.214 Executing VM operation: HandshakeAllThreads (Deoptimize) done
Event: 0.357 Executing VM operation: HandshakeAllThreads (Deoptimize)
Event: 0.357 Executing VM operation: HandshakeAllThreads (Deoptimize) done

Events (20 events):
Event: 0.054 Thread 0x000001f63e398560 Thread added: 0x000001f63e398560
Event: 0.054 Thread 0x000001f63e3ce350 Thread added: 0x000001f63e3ce350
Event: 0.054 Thread 0x000001f63e3cedb0 Thread added: 0x000001f63e3cedb0
Event: 0.054 Thread 0x000001f63e3ad630 Thread added: 0x000001f63e3ad630
Event: 0.055 Thread 0x000001f63e3d7b80 Thread added: 0x000001f63e3d7b80
Event: 0.055 Thread 0x000001f63e3e1200 Thread added: 0x000001f63e3e1200
Event: 0.055 Thread 0x000001f63e3e78d0 Thread added: 0x000001f63e3e78d0
Event: 0.076 Thread 0x000001f63e3da2e0 Thread added: 0x000001f63e3da2e0
Event: 0.079 Thread 0x000001f63e3d88a0 Thread added: 0x000001f63e3d88a0
Event: 0.087 Loaded shared library D:\Java\IntelliJ IDEA 2024.2\jbr\bin\net.dll
Event: 0.088 Loaded shared library D:\Java\IntelliJ IDEA 2024.2\jbr\bin\nio.dll
Event: 0.093 Loaded shared library D:\Java\IntelliJ IDEA 2024.2\jbr\bin\zip.dll
Event: 0.140 Loaded shared library D:\Java\IntelliJ IDEA 2024.2\jbr\bin\jimage.dll
Event: 0.282 Loaded shared library D:\Java\IntelliJ IDEA 2024.2\jbr\bin\sunmscapi.dll
Event: 0.311 Loaded shared library D:\Java\IntelliJ IDEA 2024.2\jbr\bin\extnet.dll
Event: 0.315 Thread 0x000001f63e3d8f30 Thread added: 0x000001f63e3d8f30
Event: 0.360 Thread 0x000001f63e3da970 Thread added: 0x000001f63e3da970
Event: 0.369 Thread 0x000001f63e3db000 Thread added: 0x000001f63e3db000
Event: 0.398 Thread 0x000001f63ebf1f10 Thread added: 0x000001f63ebf1f10
Event: 0.399 Thread 0x000001f63ebf65f0 Thread added: 0x000001f63ebf65f0


Dynamic libraries:
0x00007ff614230000 - 0x00007ff61423a000 	D:\Java\IntelliJ IDEA 2024.2\jbr\bin\java.exe
0x00007ffd4c270000 - 0x00007ffd4c468000 	C:\WINDOWS\SYSTEM32\ntdll.dll
0x00007ffd4b970000 - 0x00007ffd4ba31000 	C:\WINDOWS\System32\KERNEL32.DLL
0x00007ffd49b20000 - 0x00007ffd49e16000 	C:\WINDOWS\System32\KERNELBASE.dll
0x00007ffd49fb0000 - 0x00007ffd4a0b0000 	C:\WINDOWS\System32\ucrtbase.dll
0x00007ffd42340000 - 0x00007ffd4235b000 	D:\Java\IntelliJ IDEA 2024.2\jbr\bin\VCRUNTIME140.dll
0x00007ffd35ea0000 - 0x00007ffd35eb8000 	D:\Java\IntelliJ IDEA 2024.2\jbr\bin\jli.dll
0x00007ffd4b2d0000 - 0x00007ffd4b46f000 	C:\WINDOWS\System32\USER32.dll
0x00007ffd4a200000 - 0x00007ffd4a222000 	C:\WINDOWS\System32\win32u.dll
0x00007ffd4a6f0000 - 0x00007ffd4a71b000 	C:\WINDOWS\System32\GDI32.dll
0x00007ffd36450000 - 0x00007ffd366ea000 	C:\WINDOWS\WinSxS\amd64_microsoft.windows.common-controls_6595b64144ccf1df_6.0.19041.4355_none_60b8b9eb71f62e16\COMCTL32.dll
0x00007ffd4a0b0000 - 0x00007ffd4a1c7000 	C:\WINDOWS\System32\gdi32full.dll
0x00007ffd4b470000 - 0x00007ffd4b50e000 	C:\WINDOWS\System32\msvcrt.dll
0x00007ffd49920000 - 0x00007ffd499bd000 	C:\WINDOWS\System32\msvcp_win.dll
0x00007ffd4b690000 - 0x00007ffd4b6bf000 	C:\WINDOWS\System32\IMM32.DLL
0x00007ffd42330000 - 0x00007ffd4233c000 	D:\Java\IntelliJ IDEA 2024.2\jbr\bin\vcruntime140_1.dll
0x00007ffd236d0000 - 0x00007ffd2375d000 	D:\Java\IntelliJ IDEA 2024.2\jbr\bin\msvcp140.dll
0x00007ffd183e0000 - 0x00007ffd19192000 	D:\Java\IntelliJ IDEA 2024.2\jbr\bin\server\jvm.dll
0x00007ffd4af40000 - 0x00007ffd4aff0000 	C:\WINDOWS\System32\ADVAPI32.dll
0x00007ffd4b5f0000 - 0x00007ffd4b690000 	C:\WINDOWS\System32\sechost.dll
0x00007ffd4b790000 - 0x00007ffd4b8b3000 	C:\WINDOWS\System32\RPCRT4.dll
0x00007ffd4a1d0000 - 0x00007ffd4a1f7000 	C:\WINDOWS\System32\bcrypt.dll
0x00007ffd4adb0000 - 0x00007ffd4ae1b000 	C:\WINDOWS\System32\WS2_32.dll
0x00007ffd48ea0000 - 0x00007ffd48eeb000 	C:\WINDOWS\SYSTEM32\POWRPROF.dll
0x00007ffd2de40000 - 0x00007ffd2de67000 	C:\WINDOWS\SYSTEM32\WINMM.dll
0x00007ffd42570000 - 0x00007ffd4257a000 	C:\WINDOWS\SYSTEM32\VERSION.dll
0x00007ffd48d10000 - 0x00007ffd48d22000 	C:\WINDOWS\SYSTEM32\UMPDC.dll
0x00007ffd47780000 - 0x00007ffd47792000 	C:\WINDOWS\SYSTEM32\kernel.appcore.dll
0x00007ffd42320000 - 0x00007ffd4232a000 	D:\Java\IntelliJ IDEA 2024.2\jbr\bin\jimage.dll
0x00007ffd46b00000 - 0x00007ffd46ce4000 	C:\WINDOWS\SYSTEM32\DBGHELP.DLL
0x00007ffd2de70000 - 0x00007ffd2dea4000 	C:\WINDOWS\SYSTEM32\dbgcore.DLL
0x00007ffd49f20000 - 0x00007ffd49fa2000 	C:\WINDOWS\System32\bcryptPrimitives.dll
0x00007ffd42300000 - 0x00007ffd4231f000 	D:\Java\IntelliJ IDEA 2024.2\jbr\bin\java.dll
0x00007ffd422e0000 - 0x00007ffd422f8000 	D:\Java\IntelliJ IDEA 2024.2\jbr\bin\zip.dll
0x00007ffd4ba40000 - 0x00007ffd4c1ac000 	C:\WINDOWS\System32\SHELL32.dll
0x00007ffd479a0000 - 0x00007ffd4813e000 	C:\WINDOWS\SYSTEM32\windows.storage.dll
0x00007ffd4a330000 - 0x00007ffd4a683000 	C:\WINDOWS\System32\combase.dll
0x00007ffd49340000 - 0x00007ffd4936e000 	C:\WINDOWS\SYSTEM32\Wldp.dll
0x00007ffd4b520000 - 0x00007ffd4b5ed000 	C:\WINDOWS\System32\OLEAUT32.dll
0x00007ffd4a7a0000 - 0x00007ffd4a84d000 	C:\WINDOWS\System32\SHCORE.dll
0x00007ffd4a690000 - 0x00007ffd4a6e5000 	C:\WINDOWS\System32\shlwapi.dll
0x00007ffd49850000 - 0x00007ffd49874000 	C:\WINDOWS\SYSTEM32\profapi.dll
0x00007ffd422d0000 - 0x00007ffd422e0000 	D:\Java\IntelliJ IDEA 2024.2\jbr\bin\net.dll
0x00007ffd440b0000 - 0x00007ffd441ba000 	C:\WINDOWS\SYSTEM32\WINHTTP.dll
0x00007ffd490a0000 - 0x00007ffd4910a000 	C:\WINDOWS\system32\mswsock.dll
0x00007ffd422b0000 - 0x00007ffd422c6000 	D:\Java\IntelliJ IDEA 2024.2\jbr\bin\nio.dll
0x00007ffd49290000 - 0x00007ffd492a8000 	C:\WINDOWS\SYSTEM32\CRYPTSP.dll
0x00007ffd48950000 - 0x00007ffd48984000 	C:\WINDOWS\system32\rsaenh.dll
0x00007ffd49800000 - 0x00007ffd4982e000 	C:\WINDOWS\SYSTEM32\USERENV.dll
0x00007ffd492b0000 - 0x00007ffd492bc000 	C:\WINDOWS\SYSTEM32\CRYPTBASE.dll
0x00007ffd48d30000 - 0x00007ffd48d6b000 	C:\WINDOWS\SYSTEM32\IPHLPAPI.DLL
0x00007ffd4b6c0000 - 0x00007ffd4b6c8000 	C:\WINDOWS\System32\NSI.dll
0x00007ffd42290000 - 0x00007ffd4229e000 	D:\Java\IntelliJ IDEA 2024.2\jbr\bin\sunmscapi.dll
0x00007ffd499c0000 - 0x00007ffd49b1e000 	C:\WINDOWS\System32\CRYPT32.dll
0x00007ffd493b0000 - 0x00007ffd493d9000 	C:\WINDOWS\SYSTEM32\ncrypt.dll
0x00007ffd49370000 - 0x00007ffd493ab000 	C:\WINDOWS\SYSTEM32\NTASN1.dll
0x00007ffd420a0000 - 0x00007ffd420a7000 	C:\WINDOWS\system32\wshunix.dll
0x00007ffd42090000 - 0x00007ffd42099000 	D:\Java\IntelliJ IDEA 2024.2\jbr\bin\extnet.dll

dbghelp: loaded successfully - version: 4.0.5 - missing functions: none
symbol engine: initialized successfully - sym options: 0x614 - pdb path: .;D:\Java\IntelliJ IDEA 2024.2\jbr\bin;C:\WINDOWS\SYSTEM32;C:\WINDOWS\WinSxS\amd64_microsoft.windows.common-controls_6595b64144ccf1df_6.0.19041.4355_none_60b8b9eb71f62e16;D:\Java\IntelliJ IDEA 2024.2\jbr\bin\server

VM Arguments:
java_command: git4idea.http.GitAskPassApp Username for 'https://gitee.com': 
java_class_path (initial): D:/Java/IntelliJ IDEA 2024.2/plugins/vcs-git/lib/git4idea-rt.jar;D:/Java/IntelliJ IDEA 2024.2/lib/externalProcess-rt.jar
Launcher Type: SUN_STANDARD

[Global flags]
     intx CICompilerCount                          = 4                                         {product} {ergonomic}
     uint ConcGCThreads                            = 2                                         {product} {ergonomic}
     uint G1ConcRefinementThreads                  = 8                                         {product} {ergonomic}
   size_t G1HeapRegionSize                         = 2097152                                   {product} {ergonomic}
    uintx GCDrainStackTargetSize                   = 64                                        {product} {ergonomic}
   size_t InitialHeapSize                          = 266338304                                 {product} {ergonomic}
   size_t MarkStackSize                            = 4194304                                   {product} {ergonomic}
   size_t MaxHeapSize                              = 4238344192                                {product} {ergonomic}
   size_t MaxNewSize                               = 2541748224                                {product} {ergonomic}
   size_t MinHeapDeltaBytes                        = 2097152                                   {product} {ergonomic}
   size_t MinHeapSize                              = 8388608                                   {product} {ergonomic}
    uintx NonNMethodCodeHeapSize                   = 5839372                                {pd product} {ergonomic}
    uintx NonProfiledCodeHeapSize                  = 122909434                              {pd product} {ergonomic}
    uintx ProfiledCodeHeapSize                     = 122909434                              {pd product} {ergonomic}
    uintx ReservedCodeCacheSize                    = 251658240                              {pd product} {ergonomic}
     bool SegmentedCodeCache                       = true                                      {product} {ergonomic}
   size_t SoftMaxHeapSize                          = 4238344192                             {manageable} {ergonomic}
     bool UseCompressedOops                        = true                           {product lp64_product} {ergonomic}
     bool UseG1GC                                  = true                                      {product} {ergonomic}
     bool UseLargePagesIndividualAllocation        = false                                  {pd product} {ergonomic}

Logging:
Log output configuration:
 #0: stdout all=warning uptime,level,tags foldmultilines=false
 #1: stderr all=off uptime,level,tags foldmultilines=false

Environment Variables:
PATH=C:\Program Files\Git\mingw64\libexec\git-core;C:\Program Files\Git\mingw64\libexec\git-core;C:\Program Files\Git\mingw64\bin;C:\Program Files\Git\usr\bin;C:\Users\Lenovo\bin;D:\ÐéÄâ»ú\bin;C:\;windows\system32;%S;stemRoot%\system32;C:\WINDOWS;C:\WINDOWS\System32\Wbem;C:\WINDOWS\System32\WindowsPowerShell\v1.0;C:\WINDOWS\System32\OpenSSH;C:\WINDOWS\system32;D:\Python\Python-3.9.1\Scripts;D:\Python\Python-3.9.1;D:\MYSQL\hj\mysql-5.7.35-winx64\bin;%CATALINA_HOME%\bin;D:\Java\environment\maven\apache-maven-3.8.4\bin;D:\Java\environment\jdk\jdk-1.8\bin;D:\Java and Web\eclipse\hadoop-2.7.6\bin;D:\devTools\nodejs\node_global;C:\Program Files\dotnet;C:\Program Files\Git\cmd;C:\Program Files\TortoiseGit\bin;D:\HTML\nvm;D:\HTML\nodejs;D:\HTML\nodejs;C:\Program Files\Microsoft SQL Server\Client SDK\ODBC\170\Tools\Binn;C:\Program Files (x86)\Microsoft SQL Server\150\Tools\Binn;C:\Program Files\Microsoft SQL Server\150\Tools\Binn;C:\Program Files\Microsoft SQL Server\150\DTS\Binn;C:\Program Files (x86)\Microsoft SQL Server\150\DTS\Binn;C:\Program Files\Azure Data Studio\bin;E:\Xshell7;E:\Xftp7;C:\Program Files\MySQL\MySQL Shell 8.0\bin;D:\Python\Python-3.9.1\Scripts;D:\Python\Python-3.9.1;C:\Users\Lenovo\AppData\Local\Microsoft\WindowsApps;D:\Microsoft VS Code\bin;C:\Program Files (x86)\Tencent\QQGameTempest\Hall.57808;D:\HTML\nvm;D:\HTML\nodejs;D:\Java\IntelliJ IDEA 2024.2\bin;C:\Program Files\Azure Data Studio\bin;D:\Python\PyCharm 2024.1.4\bin
USERNAME=Lenovo
DISPLAY=:0.0
LC_ALL=en_US.UTF-8
TERM=cygwin
TMPDIR=C:\Users\Lenovo\AppData\Local\Temp
OS=Windows_NT
PROCESSOR_IDENTIFIER=Intel64 Family 6 Model 140 Stepping 2, GenuineIntel
TMP=C:\Users\Lenovo\AppData\Local\Temp
TEMP=C:\Users\Lenovo\AppData\Local\Temp




Periodic native trim disabled

JNI global refs:
JNI global refs: 20, weak refs: 3

JNI global refs memory usage: 835, weak refs: 833

Process memory usage:
Resident Set Size: 73576K (0% of 16555320K total physical memory with 4467856K free physical memory)

OOME stack traces (most recent first):
Classloader memory used:
Loader bootstrap                                                                       : 15273K
Loader jdk.internal.loader.ClassLoaders$PlatformClassLoader                            : 1587K
Loader jdk.internal.loader.ClassLoaders$AppClassLoader                                 : 16408B

---------------  S Y S T E M  ---------------

OS:
 Windows 10 , 64 bit Build 19041 (10.0.19041.4597)
OS uptime: 0 days 5:33 hours

CPU: total 8 (initial active 8) (4 cores per cpu, 2 threads per core) family 6 model 140 stepping 2 microcode 0x16, cx8, cmov, fxsr, ht, mmx, 3dnowpref, sse, sse2, sse3, ssse3, sse4.1, sse4.2, popcnt, lzcnt, tsc, tscinvbit, avx, avx2, aes, erms, clmul, bmi1, bmi2, adx, avx512f, avx512dq, avx512cd, avx512bw, avx512vl, sha, fma, vzeroupper, avx512_vpopcntdq, avx512_vpclmulqdq, avx512_vaes, avx512_vnni, clflush, clflushopt, clwb, avx512_vbmi2, avx512_vbmi, rdtscp, rdpid, fsrm, gfni, avx512_bitalg, f16c, pku, cet_ibt, cet_ss, avx512_ifma
Processor Information for all 8 processors :
  Max Mhz: 2496, Current Mhz: 2496, Mhz Limit: 2496

Memory: 4k page, system-wide physical 16167M (4363M free)
TotalPageFile size 16167M (AvailPageFile size 6M)
current process WorkingSet (physical memory assigned to process): 71M, peak: 71M
current process commit charge ("private bytes"): 350M, peak: 351M

vm_info: OpenJDK 64-Bit Server VM (21.0.3+13-b509.4) for windows-amd64 JRE (21.0.3+13-b509.4), built on 2024-06-26 by "builduser" with MS VC++ 16.10 / 16.11 (VS2019)

END.
